2026-04-27 00:30:55.837 [INFO] TCP listening on 0.0.0.0:5555
2026-04-27 00:30:55.848 [INFO] server listening on 0.0.0.0:8765
2026-04-27 00:30:55.848 [INFO] WS  listening on 0.0.0.0:8765
2026-04-27 00:30:57.495 [INFO] connection open
2026-04-27 00:30:57.495 [INFO] CONNECT transport=ws peer=127.0.0.1:50626 pid=5e098098
2026-04-27 00:30:58.411 [INFO] connection open
2026-04-27 00:30:58.412 [INFO] CONNECT transport=ws peer=127.0.0.1:62310 pid=ae79a59f
2026-04-27 00:30:58.427 [INFO] connection open
2026-04-27 00:30:58.427 [INFO] CONNECT transport=ws peer=127.0.0.1:62391 pid=05a29adf
2026-04-27 00:32:08.336 [INFO] CONNECT transport=tcp peer=127.0.0.1:58920 pid=0541df5e
2026-04-27 00:32:08.336 [INFO] DISCONNECT name= room=- mark=None
2026-04-27 00:32:08.345 [INFO] CONNECT transport=tcp peer=127.0.0.1:58921 pid=1bf7aea8
2026-04-27 00:32:08.346 [INFO] DISCONNECT name= room=- mark=None
2026-04-27 00:32:08.346 [INFO] CONNECT transport=tcp peer=127.0.0.1:58922 pid=83ca63a3
2026-04-27 00:32:08.346 [INFO] CONNECT transport=tcp peer=127.0.0.1:58923 pid=86dd92c7
2026-04-27 00:32:08.347 [INFO] ROOM CREATED room=PUSH1 password=yes reason=create
2026-04-27 00:32:08.347 [INFO] JOIN room=PUSH1 name=A mark=X transport=tcp peer=127.0.0.1:58923
2026-04-27 00:32:08.347 [INFO] DISCONNECT name= room=- mark=None
2026-04-27 00:32:08.347 [INFO] DISCONNECT name=A room=PUSH1 mark=X
2026-04-27 00:32:08.347 [INFO] ROOM CLOSED room=PUSH1 reason=empty
2026-04-27 00:32:08.348 [INFO] CONNECT transport=tcp peer=127.0.0.1:58924 pid=ac7372b8
2026-04-27 00:32:08.348 [INFO] DISCONNECT name= room=- mark=None
2026-04-27 00:32:08.349 [INFO] CONNECT transport=tcp peer=127.0.0.1:58925 pid=0eea160c
2026-04-27 00:32:08.349 [INFO] CONNECT transport=tcp peer=127.0.0.1:58926 pid=38613eab
2026-04-27 00:32:08.349 [INFO] ROOM CREATED room=CHAT1 password=no reason=create
2026-04-27 00:32:08.349 [INFO] JOIN room=CHAT1 name=Alice mark=X transport=tcp peer=127.0.0.1:58925
2026-04-27 00:32:08.349 [INFO] JOIN room=CHAT1 name=Bob mark=O transport=tcp peer=127.0.0.1:58926
2026-04-27 00:32:08.349 [INFO] ROUND 1 STARTED room=CHAT1
2026-04-27 00:32:08.350 [INFO] SYNC room=CHAT1 round=1 turn=X move=- recipients=2 fanout_ms=0.08
2026-04-27 00:32:08.350 [INFO] CHAT room=CHAT1 nickname=Alice text=hi from inside
2026-04-27 00:32:08.350 [INFO] DISCONNECT name=Alice room=CHAT1 mark=X
2026-04-27 00:32:08.350 [INFO] DISCONNECT name=Bob room=CHAT1 mark=O
2026-04-27 00:32:08.351 [INFO] ROOM CLOSED room=CHAT1 reason=empty
2026-04-27 00:32:08.351 [INFO] CONNECT transport=tcp peer=127.0.0.1:58927 pid=1ff6613e
2026-04-27 00:32:08.351 [INFO] ROOM CREATED room=CHAT2 password=no reason=create
2026-04-27 00:32:08.351 [INFO] JOIN room=CHAT2 name=Alice mark=X transport=tcp peer=127.0.0.1:58927
2026-04-27 00:32:08.351 [INFO] CHAT room=CHAT2 nickname=Alice text=earliest
2026-04-27 00:32:08.352 [INFO] CONNECT transport=tcp peer=127.0.0.1:58928 pid=0f2a3e3d
2026-04-27 00:32:08.352 [INFO] JOIN room=CHAT2 name=Bob mark=O transport=tcp peer=127.0.0.1:58928
2026-04-27 00:32:08.352 [INFO] ROUND 1 STARTED room=CHAT2
2026-04-27 00:32:08.353 [INFO] DISCONNECT name=Alice room=CHAT2 mark=X
2026-04-27 00:32:08.353 [INFO] SYNC room=CHAT2 round=1 turn=X move=- recipients=2 fanout_ms=0.43
2026-04-27 00:32:08.353 [INFO] CONNECT transport=tcp peer=127.0.0.1:58929 pid=497798d7
2026-04-27 00:32:08.354 [ERROR] tcp handler crashed: [WinError 10053] Программа на вашем хост-компьютере разорвала установленное подключение
Traceback (most recent call last):
  File "C:\Users\User\Desktop\Inno\dnp\project\server.py", line 838, in handle_tcp
    line = await reader.readline()
           ^^^^^^^^^^^^^^^^^^^^^^^
  File "C:\Users\User\AppData\Local\Programs\Python\Python313\Lib\asyncio\streams.py", line 562, in readline
    line = await self.readuntil(sep)
           ^^^^^^^^^^^^^^^^^^^^^^^^^
  File "C:\Users\User\AppData\Local\Programs\Python\Python313\Lib\asyncio\streams.py", line 613, in readuntil
    raise self._exception
  File "C:\Users\User\AppData\Local\Programs\Python\Python313\Lib\asyncio\proactor_events.py", line 402, in _loop_writing
    self._write_fut = self._loop._proactor.send(self._sock, data)
                      ~~~~~~~~~~~~~~~~~~~~~~~~~^^^^^^^^^^^^^^^^^^
  File "C:\Users\User\AppData\Local\Programs\Python\Python313\Lib\asyncio\windows_events.py", line 543, in send
    ov.WSASend(conn.fileno(), buf, flags)
    ~~~~~~~~~~^^^^^^^^^^^^^^^^^^^^^^^^^^^
ConnectionAbortedError: [WinError 10053] Программа на вашем хост-компьютере разорвала установленное подключение
2026-04-27 00:32:08.356 [INFO] DISCONNECT name=Bob room=CHAT2 mark=O
2026-04-27 00:32:08.356 [INFO] ROOM CLOSED room=CHAT2 reason=empty
2026-04-27 00:32:08.356 [INFO] CONNECT transport=tcp peer=127.0.0.1:58930 pid=64fc3806
2026-04-27 00:32:08.357 [INFO] CONNECT transport=tcp peer=127.0.0.1:58931 pid=28c304c7
2026-04-27 00:32:08.357 [INFO] ROOM CREATED room=STAYS password=no reason=create
2026-04-27 00:32:08.357 [INFO] JOIN room=STAYS name=Alice mark=X transport=tcp peer=127.0.0.1:58929
2026-04-27 00:32:08.357 [INFO] JOIN room=STAYS name=Bob mark=O transport=tcp peer=127.0.0.1:58930
2026-04-27 00:32:08.357 [INFO] ROUND 1 STARTED room=STAYS
2026-04-27 00:32:08.357 [INFO] LEAVE name=Alice room=STAYS mark=X
2026-04-27 00:32:08.357 [INFO] ROOM RESET room=STAYS reason=opponent_left survivor=Bob
2026-04-27 00:32:08.358 [INFO] DISCONNECT name= room=- mark=None
2026-04-27 00:32:08.358 [INFO] DISCONNECT name= room=- mark=None
2026-04-27 00:32:08.358 [INFO] SYNC room=STAYS round=1 turn=X move=- recipients=1 fanout_ms=0.39
2026-04-27 00:32:08.358 [INFO] DISCONNECT name=Bob room=STAYS mark=O
2026-04-27 00:32:08.358 [INFO] ROOM CLOSED room=STAYS reason=empty
2026-04-27 00:32:08.461 [INFO] CONNECT transport=tcp peer=127.0.0.1:58934 pid=9093c0ce
2026-04-27 00:32:08.461 [INFO] CONNECT transport=tcp peer=127.0.0.1:58935 pid=7b4dad75
2026-04-27 00:32:08.462 [INFO] ROOM CREATED room=DC password=no reason=create
2026-04-27 00:32:08.462 [INFO] JOIN room=DC name=Alice mark=X transport=tcp peer=127.0.0.1:58934
2026-04-27 00:32:08.462 [INFO] JOIN room=DC name=Bob mark=O transport=tcp peer=127.0.0.1:58935
2026-04-27 00:32:08.462 [INFO] ROUND 1 STARTED room=DC
2026-04-27 00:32:08.462 [INFO] SYNC room=DC round=1 turn=X move=- recipients=2 fanout_ms=0.08
2026-04-27 00:32:08.463 [INFO] SYNC room=DC round=1 turn=O move=(0,0) recipients=2 fanout_ms=0.16
2026-04-27 00:32:08.463 [INFO] MOVE room=DC round=1 by=X cell=(0,0) move_to_broadcast_ms=0.22
2026-04-27 00:32:08.463 [INFO] SYNC room=DC round=1 turn=X move=(1,1) recipients=2 fanout_ms=0.13
2026-04-27 00:32:08.463 [INFO] MOVE room=DC round=1 by=O cell=(1,1) move_to_broadcast_ms=0.18
2026-04-27 00:32:08.463 [INFO] DISCONNECT name=Alice room=DC mark=X
2026-04-27 00:32:23.472 [INFO] ROOM RESET room=DC reason=grace_expired survivor=Bob
2026-04-27 00:32:23.473 [INFO] CONNECT transport=tcp peer=127.0.0.1:53790 pid=daadb8b4
2026-04-27 00:32:23.473 [INFO] DISCONNECT name=Bob room=DC mark=O
2026-04-27 00:32:23.473 [INFO] ROOM CLOSED room=DC reason=empty
2026-04-27 00:32:23.474 [INFO] DISCONNECT name= room=- mark=None
2026-04-27 00:32:23.572 [INFO] CONNECT transport=tcp peer=127.0.0.1:53793 pid=9fecce0a
2026-04-27 00:32:23.572 [INFO] CONNECT transport=tcp peer=127.0.0.1:53794 pid=8fdcf4c2
2026-04-27 00:32:23.572 [INFO] ROOM CREATED room=RC password=no reason=create
2026-04-27 00:32:23.572 [INFO] JOIN room=RC name=Alice mark=X transport=tcp peer=127.0.0.1:53793
2026-04-27 00:32:23.572 [INFO] JOIN room=RC name=Bob mark=O transport=tcp peer=127.0.0.1:53794
2026-04-27 00:32:23.572 [INFO] ROUND 1 STARTED room=RC
2026-04-27 00:32:23.573 [INFO] SYNC room=RC round=1 turn=X move=- recipients=2 fanout_ms=0.09
2026-04-27 00:32:23.573 [INFO] SYNC room=RC round=1 turn=O move=(1,1) recipients=2 fanout_ms=0.12
2026-04-27 00:32:23.573 [INFO] MOVE room=RC round=1 by=X cell=(1,1) move_to_broadcast_ms=0.18
2026-04-27 00:32:23.573 [INFO] DISCONNECT name=Alice room=RC mark=X
2026-04-27 00:32:23.574 [INFO] CONNECT transport=tcp peer=127.0.0.1:53795 pid=e5004f54
2026-04-27 00:32:23.574 [INFO] RECONNECT room=RC name=Alice mark=X
2026-04-27 00:32:23.575 [INFO] SYNC room=RC round=1 turn=O move=- recipients=2 fanout_ms=0.10
2026-04-27 00:32:23.575 [INFO] DISCONNECT name=Alice room=RC mark=X
2026-04-27 00:32:23.575 [INFO] DISCONNECT name=Bob room=RC mark=O
2026-04-27 00:32:23.575 [INFO] ROOM CLOSED room=RC reason=empty
2026-04-27 00:32:23.671 [INFO] CONNECT transport=tcp peer=127.0.0.1:53798 pid=7f0e89c0
2026-04-27 00:32:23.672 [INFO] CONNECT transport=tcp peer=127.0.0.1:53799 pid=e5166566
2026-04-27 00:32:23.672 [INFO] ROOM CREATED room=EXIST password=no reason=create
2026-04-27 00:32:23.672 [INFO] JOIN room=EXIST name=A mark=X transport=tcp peer=127.0.0.1:53798
2026-04-27 00:32:23.672 [INFO] DISCONNECT name=A room=EXIST mark=X
2026-04-27 00:32:23.673 [INFO] ROOM CLOSED room=EXIST reason=empty
2026-04-27 00:32:23.673 [INFO] DISCONNECT name=B room=- mark=None
2026-04-27 00:32:23.673 [INFO] CONNECT transport=tcp peer=127.0.0.1:53800 pid=1871bd5c
2026-04-27 00:32:23.674 [INFO] DISCONNECT name=Ghost room=- mark=None
2026-04-27 00:32:23.674 [INFO] CONNECT transport=tcp peer=127.0.0.1:53801 pid=b05d20f5
2026-04-27 00:32:23.674 [INFO] CONNECT transport=tcp peer=127.0.0.1:53802 pid=1cc689e8
2026-04-27 00:32:23.674 [INFO] CONNECT transport=tcp peer=127.0.0.1:53803 pid=44d3353e
2026-04-27 00:32:23.674 [INFO] ROOM CREATED room=FULL password=no reason=create
2026-04-27 00:32:23.674 [INFO] JOIN room=FULL name=A mark=X transport=tcp peer=127.0.0.1:53801
2026-04-27 00:32:23.675 [INFO] JOIN room=FULL name=B mark=O transport=tcp peer=127.0.0.1:53802
2026-04-27 00:32:23.675 [INFO] ROUND 1 STARTED room=FULL
2026-04-27 00:32:23.675 [INFO] SYNC room=FULL round=1 turn=X move=- recipients=2 fanout_ms=0.12
2026-04-27 00:32:23.675 [INFO] DISCONNECT name=A room=FULL mark=X
2026-04-27 00:32:23.676 [INFO] DISCONNECT name=C room=- mark=None
2026-04-27 00:32:23.676 [INFO] DISCONNECT name=B room=FULL mark=O
2026-04-27 00:32:23.676 [INFO] ROOM CLOSED room=FULL reason=empty
2026-04-27 00:32:23.676 [INFO] CONNECT transport=tcp peer=127.0.0.1:53804 pid=6c4f9a45
2026-04-27 00:32:23.676 [INFO] ROOM CREATED room=VIP password=yes reason=create
2026-04-27 00:32:23.677 [INFO] JOIN room=VIP name=A mark=X transport=tcp peer=127.0.0.1:53804
2026-04-27 00:32:23.677 [INFO] CONNECT transport=tcp peer=127.0.0.1:53805 pid=89ed6f10
2026-04-27 00:32:23.677 [INFO] CONNECT transport=tcp peer=127.0.0.1:53806 pid=98a8f50c
2026-04-27 00:32:23.677 [INFO] CONNECT transport=tcp peer=127.0.0.1:53807 pid=65049e14
2026-04-27 00:32:23.677 [INFO] JOIN room=VIP name=D mark=O transport=tcp peer=127.0.0.1:53807
2026-04-27 00:32:23.678 [INFO] ROUND 1 STARTED room=VIP
2026-04-27 00:32:23.678 [INFO] DISCONNECT name=A room=VIP mark=X
2026-04-27 00:32:23.678 [INFO] DISCONNECT name=B room=- mark=None
2026-04-27 00:32:23.678 [INFO] DISCONNECT name=C room=- mark=None
2026-04-27 00:32:23.679 [INFO] CONNECT transport=tcp peer=127.0.0.1:53808 pid=2e813651
2026-04-27 00:32:23.679 [INFO] SYNC room=VIP round=1 turn=X move=- recipients=2 fanout_ms=0.97
2026-04-27 00:32:23.679 [INFO] ROOM CREATED room=TZLO password=no reason=auto
2026-04-27 00:32:23.679 [INFO] JOIN room=TZLO name=AutoA mark=X transport=tcp peer=127.0.0.1:53808
2026-04-27 00:32:23.679 [INFO] CONNECT transport=tcp peer=127.0.0.1:53809 pid=09a588c4
2026-04-27 00:32:23.679 [INFO] JOIN room=TZLO name=AutoB mark=O transport=tcp peer=127.0.0.1:53809
2026-04-27 00:32:23.679 [INFO] ROUND 1 STARTED room=TZLO
2026-04-27 00:32:23.679 [ERROR] tcp handler crashed: [WinError 10053] Программа на вашем хост-компьютере разорвала установленное подключение
Traceback (most recent call last):
  File "C:\Users\User\Desktop\Inno\dnp\project\server.py", line 838, in handle_tcp
    line = await reader.readline()
           ^^^^^^^^^^^^^^^^^^^^^^^
  File "C:\Users\User\AppData\Local\Programs\Python\Python313\Lib\asyncio\streams.py", line 562, in readline
    line = await self.readuntil(sep)
           ^^^^^^^^^^^^^^^^^^^^^^^^^
  File "C:\Users\User\AppData\Local\Programs\Python\Python313\Lib\asyncio\streams.py", line 613, in readuntil
    raise self._exception
  File "C:\Users\User\AppData\Local\Programs\Python\Python313\Lib\asyncio\proactor_events.py", line 402, in _loop_writing
    self._write_fut = self._loop._proactor.send(self._sock, data)
                      ~~~~~~~~~~~~~~~~~~~~~~~~~^^^^^^^^^^^^^^^^^^
  File "C:\Users\User\AppData\Local\Programs\Python\Python313\Lib\asyncio\windows_events.py", line 543, in send
    ov.WSASend(conn.fileno(), buf, flags)
    ~~~~~~~~~~^^^^^^^^^^^^^^^^^^^^^^^^^^^
ConnectionAbortedError: [WinError 10053] Программа на вашем хост-компьютере разорвала установленное подключение
2026-04-27 00:32:23.680 [INFO] DISCONNECT name=D room=VIP mark=O
2026-04-27 00:32:23.680 [INFO] ROOM CLOSED room=VIP reason=empty
2026-04-27 00:32:23.680 [INFO] DISCONNECT name=AutoA room=TZLO mark=X
2026-04-27 00:32:23.681 [INFO] SYNC room=TZLO round=1 turn=X move=- recipients=2 fanout_ms=0.32
2026-04-27 00:32:23.681 [ERROR] tcp handler crashed: [WinError 10053] Программа на вашем хост-компьютере разорвала установленное подключение
Traceback (most recent call last):
  File "C:\Users\User\Desktop\Inno\dnp\project\server.py", line 838, in handle_tcp
    line = await reader.readline()
           ^^^^^^^^^^^^^^^^^^^^^^^
  File "C:\Users\User\AppData\Local\Programs\Python\Python313\Lib\asyncio\streams.py", line 562, in readline
    line = await self.readuntil(sep)
           ^^^^^^^^^^^^^^^^^^^^^^^^^
  File "C:\Users\User\AppData\Local\Programs\Python\Python313\Lib\asyncio\streams.py", line 613, in readuntil
    raise self._exception
  File "C:\Users\User\AppData\Local\Programs\Python\Python313\Lib\asyncio\proactor_events.py", line 402, in _loop_writing
    self._write_fut = self._loop._proactor.send(self._sock, data)
                      ~~~~~~~~~~~~~~~~~~~~~~~~~^^^^^^^^^^^^^^^^^^
  File "C:\Users\User\AppData\Local\Programs\Python\Python313\Lib\asyncio\windows_events.py", line 543, in send
    ov.WSASend(conn.fileno(), buf, flags)
    ~~~~~~~~~~^^^^^^^^^^^^^^^^^^^^^^^^^^^
ConnectionAbortedError: [WinError 10053] Программа на вашем хост-компьютере разорвала установленное подключение
2026-04-27 00:32:23.681 [INFO] DISCONNECT name=AutoB room=TZLO mark=O
2026-04-27 00:32:23.681 [INFO] ROOM CLOSED room=TZLO reason=empty
2026-04-27 00:34:32.019 [INFO] connection open
2026-04-27 00:34:32.020 [INFO] CONNECT transport=ws peer=127.0.0.1:51257 pid=fe47622c
2026-04-27 00:34:34.071 [INFO] connection open
2026-04-27 00:34:34.071 [INFO] CONNECT transport=ws peer=127.0.0.1:51259 pid=85ac95df
2026-04-27 00:34:34.072 [INFO] ROOM CREATED room=WBL password=no reason=create
2026-04-27 00:34:34.072 [INFO] JOIN room=WBL name=Alice mark=X transport=ws peer=127.0.0.1:51257
2026-04-27 00:34:34.081 [INFO] JOIN room=WBL name=Bob mark=O transport=ws peer=127.0.0.1:51259
2026-04-27 00:34:34.081 [INFO] ROUND 1 STARTED room=WBL
2026-04-27 00:34:34.082 [INFO] SYNC room=WBL round=1 turn=X move=- recipients=2 fanout_ms=0.13
2026-04-27 00:34:37.316 [INFO] CHAT room=WBL nickname=Alice text=hey bob
2026-04-27 00:34:38.122 [INFO] LEAVE name=Alice room=WBL mark=X
2026-04-27 00:34:38.122 [INFO] ROOM RESET room=WBL reason=opponent_left survivor=Bob
2026-04-27 00:34:38.635 [INFO] DISCONNECT name=Bob room=WBL mark=O
2026-04-27 00:34:38.636 [INFO] ROOM CLOSED room=WBL reason=empty
2026-04-27 00:34:38.636 [INFO] DISCONNECT name= room=- mark=None
2026-04-27 00:34:49.346 [INFO] CONNECT transport=tcp peer=127.0.0.1:50346 pid=4973b1fa
2026-04-27 00:34:49.347 [INFO] CONNECT transport=tcp peer=127.0.0.1:50347 pid=bb1d8c4e
2026-04-27 00:34:49.347 [INFO] CONNECT transport=tcp peer=127.0.0.1:50348 pid=e55a1eba
2026-04-27 00:34:49.347 [INFO] ROOM CREATED room=L0 password=no reason=create
2026-04-27 00:34:49.347 [INFO] JOIN room=L0 name=bot0 mark=X transport=tcp peer=127.0.0.1:50346
2026-04-27 00:34:49.347 [INFO] ROOM CREATED room=L1 password=no reason=create
2026-04-27 00:34:49.347 [INFO] JOIN room=L1 name=bot2 mark=X transport=tcp peer=127.0.0.1:50347
2026-04-27 00:34:49.347 [INFO] ROOM CREATED room=L2 password=no reason=create
2026-04-27 00:34:49.347 [INFO] JOIN room=L2 name=bot4 mark=X transport=tcp peer=127.0.0.1:50348
2026-04-27 00:34:49.413 [INFO] CONNECT transport=tcp peer=127.0.0.1:50349 pid=9a7ab8fb
2026-04-27 00:34:49.413 [INFO] CONNECT transport=tcp peer=127.0.0.1:50350 pid=36eb4355
2026-04-27 00:34:49.413 [INFO] JOIN room=L1 name=bot3 mark=O transport=tcp peer=127.0.0.1:50350
2026-04-27 00:34:49.413 [INFO] ROUND 1 STARTED room=L1
2026-04-27 00:34:49.413 [INFO] JOIN room=L0 name=bot1 mark=O transport=tcp peer=127.0.0.1:50349
2026-04-27 00:34:49.413 [INFO] ROUND 1 STARTED room=L0
2026-04-27 00:34:49.414 [INFO] SYNC room=L1 round=1 turn=X move=- recipients=2 fanout_ms=0.15
2026-04-27 00:34:49.414 [INFO] SYNC room=L0 round=1 turn=X move=- recipients=2 fanout_ms=0.19
2026-04-27 00:34:49.443 [INFO] SYNC room=L0 round=1 turn=O move=(0,2) recipients=2 fanout_ms=0.25
2026-04-27 00:34:49.443 [INFO] MOVE room=L0 round=1 by=X cell=(0,2) move_to_broadcast_ms=0.37
2026-04-27 00:34:49.474 [INFO] SYNC room=L1 round=1 turn=O move=(2,1) recipients=2 fanout_ms=0.24
2026-04-27 00:34:49.475 [INFO] MOVE room=L1 round=1 by=X cell=(2,1) move_to_broadcast_ms=0.31
2026-04-27 00:34:49.507 [INFO] SYNC room=L0 round=1 turn=X move=(0,0) recipients=2 fanout_ms=0.37
2026-04-27 00:34:49.507 [INFO] MOVE room=L0 round=1 by=O cell=(0,0) move_to_broadcast_ms=0.43
2026-04-27 00:34:49.521 [INFO] SYNC room=L1 round=1 turn=X move=(0,2) recipients=2 fanout_ms=0.24
2026-04-27 00:34:49.521 [INFO] MOVE room=L1 round=1 by=O cell=(0,2) move_to_broadcast_ms=0.37
2026-04-27 00:34:49.552 [INFO] SYNC room=L0 round=1 turn=O move=(0,1) recipients=2 fanout_ms=0.24
2026-04-27 00:34:49.553 [INFO] MOVE room=L0 round=1 by=X cell=(0,1) move_to_broadcast_ms=0.37
2026-04-27 00:34:49.568 [INFO] SYNC room=L1 round=1 turn=O move=(1,2) recipients=2 fanout_ms=0.25
2026-04-27 00:34:49.568 [INFO] MOVE room=L1 round=1 by=X cell=(1,2) move_to_broadcast_ms=0.37
2026-04-27 00:34:49.599 [INFO] SYNC room=L1 round=1 turn=X move=(1,0) recipients=2 fanout_ms=0.25
2026-04-27 00:34:49.600 [INFO] MOVE room=L1 round=1 by=O cell=(1,0) move_to_broadcast_ms=0.39
2026-04-27 00:34:49.615 [INFO] SYNC room=L0 round=1 turn=X move=(2,0) recipients=2 fanout_ms=0.15
2026-04-27 00:34:49.615 [INFO] MOVE room=L0 round=1 by=O cell=(2,0) move_to_broadcast_ms=0.26
2026-04-27 00:34:49.630 [INFO] SYNC room=L1 round=1 turn=O move=(2,0) recipients=2 fanout_ms=0.18
2026-04-27 00:34:49.630 [INFO] MOVE room=L1 round=1 by=X cell=(2,0) move_to_broadcast_ms=0.26
2026-04-27 00:34:49.677 [INFO] SYNC room=L0 round=1 turn=O move=(2,2) recipients=2 fanout_ms=0.16
2026-04-27 00:34:49.677 [INFO] MOVE room=L0 round=1 by=X cell=(2,2) move_to_broadcast_ms=0.28
2026-04-27 00:34:49.693 [INFO] SYNC room=L1 round=1 turn=X move=(2,2) recipients=2 fanout_ms=0.28
2026-04-27 00:34:49.693 [INFO] MOVE room=L1 round=1 by=O cell=(2,2) move_to_broadcast_ms=0.42
2026-04-27 00:34:49.723 [INFO] SYNC room=L1 round=1 turn=O move=(0,0) recipients=2 fanout_ms=0.14
2026-04-27 00:34:49.723 [INFO] MOVE room=L1 round=1 by=X cell=(0,0) move_to_broadcast_ms=0.23
2026-04-27 00:34:49.739 [INFO] ROUND 1 FINISHED room=L0 winner=O line=[[0, 0], [1, 0], [2, 0]]
2026-04-27 00:34:49.739 [INFO] SYNC room=L0 round=1 turn=O move=(1,0) recipients=2 fanout_ms=0.17
2026-04-27 00:34:49.739 [INFO] MOVE room=L0 round=1 by=O cell=(1,0) move_to_broadcast_ms=0.33
2026-04-27 00:34:49.739 [INFO] ROUND 2 STARTED room=L0
2026-04-27 00:34:49.740 [INFO] SYNC room=L0 round=2 turn=X move=- recipients=2 fanout_ms=0.08
2026-04-27 00:34:49.771 [INFO] SYNC room=L0 round=2 turn=O move=(2,2) recipients=2 fanout_ms=0.26
2026-04-27 00:34:49.771 [INFO] MOVE room=L0 round=2 by=X cell=(2,2) move_to_broadcast_ms=0.39
2026-04-27 00:34:49.786 [INFO] SYNC room=L1 round=1 turn=X move=(1,1) recipients=2 fanout_ms=0.29
2026-04-27 00:34:49.787 [INFO] MOVE room=L1 round=1 by=O cell=(1,1) move_to_broadcast_ms=0.44
2026-04-27 00:34:49.802 [INFO] SYNC room=L0 round=2 turn=X move=(0,2) recipients=2 fanout_ms=0.27
2026-04-27 00:34:49.802 [INFO] MOVE room=L0 round=2 by=O cell=(0,2) move_to_broadcast_ms=0.41
2026-04-27 00:34:49.834 [INFO] SYNC room=L0 round=2 turn=O move=(1,2) recipients=2 fanout_ms=0.16
2026-04-27 00:34:49.834 [INFO] MOVE room=L0 round=2 by=X cell=(1,2) move_to_broadcast_ms=0.24
2026-04-27 00:34:49.850 [INFO] ROUND 1 FINISHED room=L1 result=draw
2026-04-27 00:34:49.850 [INFO] SYNC room=L1 round=1 turn=X move=(0,1) recipients=2 fanout_ms=0.27
2026-04-27 00:34:49.850 [INFO] MOVE room=L1 round=1 by=X cell=(0,1) move_to_broadcast_ms=0.50
2026-04-27 00:34:49.850 [INFO] ROUND 2 STARTED room=L1
2026-04-27 00:34:49.850 [INFO] SYNC room=L1 round=2 turn=X move=- recipients=2 fanout_ms=0.08
2026-04-27 00:34:49.881 [INFO] SYNC room=L1 round=2 turn=O move=(0,1) recipients=2 fanout_ms=0.27
2026-04-27 00:34:49.881 [INFO] MOVE room=L1 round=2 by=X cell=(0,1) move_to_broadcast_ms=0.42
2026-04-27 00:34:49.896 [INFO] SYNC room=L0 round=2 turn=X move=(2,0) recipients=2 fanout_ms=0.27
2026-04-27 00:34:49.896 [INFO] MOVE room=L0 round=2 by=O cell=(2,0) move_to_broadcast_ms=0.40
2026-04-27 00:34:49.928 [INFO] SYNC room=L0 round=2 turn=O move=(0,1) recipients=2 fanout_ms=0.22
2026-04-27 00:34:49.928 [INFO] MOVE room=L0 round=2 by=X cell=(0,1) move_to_broadcast_ms=0.34
2026-04-27 00:34:49.928 [INFO] SYNC room=L1 round=2 turn=X move=(1,2) recipients=2 fanout_ms=0.29
2026-04-27 00:34:49.928 [INFO] MOVE room=L1 round=2 by=O cell=(1,2) move_to_broadcast_ms=0.34
2026-04-27 00:34:49.958 [INFO] SYNC room=L0 round=2 turn=X move=(0,0) recipients=2 fanout_ms=0.26
2026-04-27 00:34:49.958 [INFO] MOVE room=L0 round=2 by=O cell=(0,0) move_to_broadcast_ms=0.38
2026-04-27 00:34:49.974 [INFO] SYNC room=L1 round=2 turn=O move=(2,1) recipients=2 fanout_ms=0.16
2026-04-27 00:34:49.974 [INFO] MOVE room=L1 round=2 by=X cell=(2,1) move_to_broadcast_ms=0.25
2026-04-27 00:34:50.005 [INFO] SYNC room=L1 round=2 turn=X move=(1,0) recipients=2 fanout_ms=0.16
2026-04-27 00:34:50.005 [INFO] MOVE room=L1 round=2 by=O cell=(1,0) move_to_broadcast_ms=0.24
2026-04-27 00:34:50.020 [INFO] SYNC room=L0 round=2 turn=O move=(1,0) recipients=2 fanout_ms=0.26
2026-04-27 00:34:50.020 [INFO] MOVE room=L0 round=2 by=X cell=(1,0) move_to_broadcast_ms=0.38
2026-04-27 00:34:50.067 [INFO] SYNC room=L1 round=2 turn=O move=(0,2) recipients=2 fanout_ms=0.20
2026-04-27 00:34:50.067 [INFO] MOVE room=L1 round=2 by=X cell=(0,2) move_to_broadcast_ms=0.27
2026-04-27 00:34:50.067 [INFO] SYNC room=L0 round=2 turn=X move=(2,1) recipients=2 fanout_ms=0.19
2026-04-27 00:34:50.067 [INFO] MOVE room=L0 round=2 by=O cell=(2,1) move_to_broadcast_ms=0.24
2026-04-27 00:34:50.114 [INFO] ROUND 2 FINISHED room=L0 winner=X line=[[1, 0], [1, 1], [1, 2]]
2026-04-27 00:34:50.114 [INFO] SYNC room=L1 round=2 turn=X move=(0,0) recipients=2 fanout_ms=0.38
2026-04-27 00:34:50.114 [INFO] MOVE room=L1 round=2 by=O cell=(0,0) move_to_broadcast_ms=0.44
2026-04-27 00:34:50.114 [INFO] SYNC room=L0 round=2 turn=X move=(1,1) recipients=2 fanout_ms=0.26
2026-04-27 00:34:50.114 [INFO] MOVE room=L0 round=2 by=X cell=(1,1) move_to_broadcast_ms=0.45
2026-04-27 00:34:50.115 [INFO] ROUND 3 STARTED room=L0
2026-04-27 00:34:50.115 [INFO] SYNC room=L0 round=3 turn=X move=- recipients=2 fanout_ms=0.07
2026-04-27 00:34:50.144 [INFO] SYNC room=L1 round=2 turn=O move=(2,0) recipients=2 fanout_ms=0.32
2026-04-27 00:34:50.145 [INFO] MOVE room=L1 round=2 by=X cell=(2,0) move_to_broadcast_ms=0.44
2026-04-27 00:34:50.145 [INFO] SYNC room=L0 round=3 turn=O move=(0,1) recipients=2 fanout_ms=0.38
2026-04-27 00:34:50.145 [INFO] MOVE room=L0 round=3 by=X cell=(0,1) move_to_broadcast_ms=0.42
2026-04-27 00:34:50.177 [INFO] SYNC room=L0 round=3 turn=X move=(2,2) recipients=2 fanout_ms=0.25
2026-04-27 00:34:50.177 [INFO] MOVE room=L0 round=3 by=O cell=(2,2) move_to_broadcast_ms=0.37
2026-04-27 00:34:50.192 [INFO] ROUND 2 FINISHED room=L1 winner=O line=[[1, 0], [1, 1], [1, 2]]
2026-04-27 00:34:50.192 [INFO] SYNC room=L1 round=2 turn=O move=(1,1) recipients=2 fanout_ms=0.13
2026-04-27 00:34:50.192 [INFO] MOVE room=L1 round=2 by=O cell=(1,1) move_to_broadcast_ms=0.23
2026-04-27 00:34:50.192 [INFO] ROUND 3 STARTED room=L1
2026-04-27 00:34:50.193 [INFO] SYNC room=L1 round=3 turn=X move=- recipients=2 fanout_ms=0.07
2026-04-27 00:34:50.224 [INFO] SYNC room=L0 round=3 turn=O move=(1,0) recipients=2 fanout_ms=0.23
2026-04-27 00:34:50.224 [INFO] MOVE room=L0 round=3 by=X cell=(1,0) move_to_broadcast_ms=0.36
2026-04-27 00:34:50.255 [INFO] SYNC room=L1 round=3 turn=O move=(2,1) recipients=2 fanout_ms=0.33
2026-04-27 00:34:50.255 [INFO] MOVE room=L1 round=3 by=X cell=(2,1) move_to_broadcast_ms=0.47
2026-04-27 00:34:50.255 [INFO] SYNC room=L0 round=3 turn=X move=(1,1) recipients=2 fanout_ms=0.32
2026-04-27 00:34:50.255 [INFO] MOVE room=L0 round=3 by=O cell=(1,1) move_to_broadcast_ms=0.37
2026-04-27 00:34:50.302 [INFO] SYNC room=L1 round=3 turn=X move=(2,2) recipients=2 fanout_ms=0.32
2026-04-27 00:34:50.302 [INFO] MOVE room=L1 round=3 by=O cell=(2,2) move_to_broadcast_ms=0.40
2026-04-27 00:34:50.302 [INFO] SYNC room=L0 round=3 turn=O move=(1,2) recipients=2 fanout_ms=0.23
2026-04-27 00:34:50.302 [INFO] MOVE room=L0 round=3 by=X cell=(1,2) move_to_broadcast_ms=0.27
2026-04-27 00:34:50.348 [INFO] SYNC room=L1 round=3 turn=O move=(0,2) recipients=2 fanout_ms=0.27
2026-04-27 00:34:50.348 [INFO] MOVE room=L1 round=3 by=X cell=(0,2) move_to_broadcast_ms=0.38
2026-04-27 00:34:50.364 [INFO] SYNC room=L0 round=3 turn=X move=(0,2) recipients=2 fanout_ms=0.23
2026-04-27 00:34:50.364 [INFO] MOVE room=L0 round=3 by=O cell=(0,2) move_to_broadcast_ms=0.31
2026-04-27 00:34:50.395 [INFO] SYNC room=L1 round=3 turn=X move=(0,0) recipients=2 fanout_ms=0.15
2026-04-27 00:34:50.395 [INFO] MOVE room=L1 round=3 by=O cell=(0,0) move_to_broadcast_ms=0.24
2026-04-27 00:34:50.410 [INFO] SYNC room=L0 round=3 turn=O move=(2,1) recipients=2 fanout_ms=0.14
2026-04-27 00:34:50.410 [INFO] MOVE room=L0 round=3 by=X cell=(2,1) move_to_broadcast_ms=0.21
2026-04-27 00:34:50.457 [INFO] ROUND 3 FINISHED room=L0 winner=O line=[[0, 0], [1, 1], [2, 2]]
2026-04-27 00:34:50.457 [INFO] SYNC room=L1 round=3 turn=O move=(1,1) recipients=2 fanout_ms=0.56
2026-04-27 00:34:50.457 [INFO] MOVE room=L1 round=3 by=X cell=(1,1) move_to_broadcast_ms=0.63
2026-04-27 00:34:50.457 [INFO] SYNC room=L0 round=3 turn=O move=(0,0) recipients=2 fanout_ms=0.29
2026-04-27 00:34:50.457 [INFO] MOVE room=L0 round=3 by=O cell=(0,0) move_to_broadcast_ms=0.46
2026-04-27 00:34:50.458 [INFO] ROUND 4 STARTED room=L0
2026-04-27 00:34:50.458 [INFO] SYNC room=L0 round=4 turn=X move=- recipients=2 fanout_ms=0.08
2026-04-27 00:34:50.503 [INFO] SYNC room=L0 round=4 turn=O move=(2,2) recipients=2 fanout_ms=0.25
2026-04-27 00:34:50.504 [INFO] MOVE room=L0 round=4 by=X cell=(2,2) move_to_broadcast_ms=0.32
2026-04-27 00:34:50.519 [INFO] SYNC room=L1 round=3 turn=X move=(0,1) recipients=2 fanout_ms=0.31
2026-04-27 00:34:50.519 [INFO] MOVE room=L1 round=3 by=O cell=(0,1) move_to_broadcast_ms=0.49
2026-04-27 00:34:50.549 [INFO] SYNC room=L0 round=4 turn=X move=(1,0) recipients=2 fanout_ms=0.26
2026-04-27 00:34:50.549 [INFO] MOVE room=L0 round=4 by=O cell=(1,0) move_to_broadcast_ms=0.42
2026-04-27 00:34:50.565 [INFO] SYNC room=L1 round=3 turn=O move=(1,0) recipients=2 fanout_ms=0.20
2026-04-27 00:34:50.565 [INFO] MOVE room=L1 round=3 by=X cell=(1,0) move_to_broadcast_ms=0.36
2026-04-27 00:34:50.581 [INFO] SYNC room=L0 round=4 turn=O move=(1,1) recipients=2 fanout_ms=0.21
2026-04-27 00:34:50.581 [INFO] MOVE room=L0 round=4 by=X cell=(1,1) move_to_broadcast_ms=0.30
2026-04-27 00:34:50.597 [INFO] SYNC room=L1 round=3 turn=X move=(1,2) recipients=2 fanout_ms=0.26
2026-04-27 00:34:50.597 [INFO] MOVE room=L1 round=3 by=O cell=(1,2) move_to_broadcast_ms=0.40
2026-04-27 00:34:50.612 [INFO] SYNC room=L0 round=4 turn=X move=(0,1) recipients=2 fanout_ms=0.26
2026-04-27 00:34:50.612 [INFO] MOVE room=L0 round=4 by=O cell=(0,1) move_to_broadcast_ms=0.40
2026-04-27 00:34:50.658 [INFO] ROUND 3 FINISHED room=L1 winner=X line=[[0, 2], [1, 1], [2, 0]]
2026-04-27 00:34:50.658 [INFO] SYNC room=L1 round=3 turn=X move=(2,0) recipients=2 fanout_ms=0.26
2026-04-27 00:34:50.658 [INFO] MOVE room=L1 round=3 by=X cell=(2,0) move_to_broadcast_ms=0.50
2026-04-27 00:34:50.659 [INFO] ROUND 4 STARTED room=L1
2026-04-27 00:34:50.659 [INFO] SYNC room=L1 round=4 turn=X move=- recipients=2 fanout_ms=0.08
2026-04-27 00:34:50.674 [INFO] ROUND 4 FINISHED room=L0 winner=X line=[[0, 0], [1, 1], [2, 2]]
2026-04-27 00:34:50.674 [INFO] SYNC room=L0 round=4 turn=X move=(0,0) recipients=2 fanout_ms=0.25
2026-04-27 00:34:50.674 [INFO] MOVE room=L0 round=4 by=X cell=(0,0) move_to_broadcast_ms=0.48
2026-04-27 00:34:50.675 [INFO] ROUND 5 STARTED room=L0
2026-04-27 00:34:50.675 [INFO] SYNC room=L0 round=5 turn=X move=- recipients=2 fanout_ms=0.08
2026-04-27 00:34:50.706 [INFO] SYNC room=L1 round=4 turn=O move=(2,2) recipients=2 fanout_ms=0.33
2026-04-27 00:34:50.707 [INFO] MOVE room=L1 round=4 by=X cell=(2,2) move_to_broadcast_ms=0.50
2026-04-27 00:34:50.707 [INFO] SYNC room=L0 round=5 turn=O move=(1,0) recipients=2 fanout_ms=0.51
2026-04-27 00:34:50.707 [INFO] MOVE room=L0 round=5 by=X cell=(1,0) move_to_broadcast_ms=0.57
2026-04-27 00:34:50.753 [INFO] SYNC room=L0 round=5 turn=X move=(2,0) recipients=2 fanout_ms=0.26
2026-04-27 00:34:50.753 [INFO] MOVE room=L0 round=5 by=O cell=(2,0) move_to_broadcast_ms=0.38
2026-04-27 00:34:50.769 [INFO] SYNC room=L1 round=4 turn=X move=(1,2) recipients=2 fanout_ms=0.26
2026-04-27 00:34:50.769 [INFO] MOVE room=L1 round=4 by=O cell=(1,2) move_to_broadcast_ms=0.38
2026-04-27 00:34:50.815 [INFO] SYNC room=L0 round=5 turn=O move=(2,1) recipients=2 fanout_ms=0.17
2026-04-27 00:34:50.815 [INFO] MOVE room=L0 round=5 by=X cell=(2,1) move_to_broadcast_ms=0.27
2026-04-27 00:34:50.831 [INFO] SYNC room=L1 round=4 turn=O move=(0,2) recipients=2 fanout_ms=0.15
2026-04-27 00:34:50.831 [INFO] MOVE room=L1 round=4 by=X cell=(0,2) move_to_broadcast_ms=0.25
2026-04-27 00:34:50.862 [INFO] SYNC room=L0 round=5 turn=X move=(0,0) recipients=2 fanout_ms=0.26
2026-04-27 00:34:50.862 [INFO] MOVE room=L0 round=5 by=O cell=(0,0) move_to_broadcast_ms=0.41
2026-04-27 00:34:50.878 [INFO] SYNC room=L1 round=4 turn=X move=(1,1) recipients=2 fanout_ms=0.25
2026-04-27 00:34:50.878 [INFO] MOVE room=L1 round=4 by=O cell=(1,1) move_to_broadcast_ms=0.38
2026-04-27 00:34:50.893 [INFO] SYNC room=L0 round=5 turn=O move=(0,2) recipients=2 fanout_ms=0.17
2026-04-27 00:34:50.893 [INFO] MOVE room=L0 round=5 by=X cell=(0,2) move_to_broadcast_ms=0.24
2026-04-27 00:34:50.925 [INFO] SYNC room=L0 round=5 turn=X move=(1,1) recipients=2 fanout_ms=0.28
2026-04-27 00:34:50.925 [INFO] MOVE room=L0 round=5 by=O cell=(1,1) move_to_broadcast_ms=0.42
2026-04-27 00:34:50.940 [INFO] SYNC room=L1 round=4 turn=O move=(0,1) recipients=2 fanout_ms=0.26
2026-04-27 00:34:50.940 [INFO] MOVE room=L1 round=4 by=X cell=(0,1) move_to_broadcast_ms=0.38
2026-04-27 00:34:50.956 [INFO] SYNC room=L0 round=5 turn=O move=(2,2) recipients=2 fanout_ms=0.12
2026-04-27 00:34:50.956 [INFO] MOVE room=L0 round=5 by=X cell=(2,2) move_to_broadcast_ms=0.17
2026-04-27 00:34:50.986 [INFO] SYNC room=L1 round=4 turn=X move=(0,0) recipients=2 fanout_ms=0.25
2026-04-27 00:34:50.986 [INFO] MOVE room=L1 round=4 by=O cell=(0,0) move_to_broadcast_ms=0.32
2026-04-27 00:34:51.018 [INFO] SYNC room=L0 round=5 turn=X move=(0,1) recipients=2 fanout_ms=0.25
2026-04-27 00:34:51.018 [INFO] MOVE room=L0 round=5 by=O cell=(0,1) move_to_broadcast_ms=0.38
2026-04-27 00:34:51.050 [INFO] SYNC room=L1 round=4 turn=O move=(2,0) recipients=2 fanout_ms=0.14
2026-04-27 00:34:51.050 [INFO] MOVE room=L1 round=4 by=X cell=(2,0) move_to_broadcast_ms=0.21
2026-04-27 00:34:51.080 [INFO] ROUND 5 FINISHED room=L0 winner=X line=[[0, 2], [1, 2], [2, 2]]
2026-04-27 00:34:51.080 [INFO] SYNC room=L0 round=5 turn=X move=(1,2) recipients=2 fanout_ms=0.29
2026-04-27 00:34:51.081 [INFO] MOVE room=L0 round=5 by=X cell=(1,2) move_to_broadcast_ms=0.63
2026-04-27 00:34:51.081 [INFO] LEAVE name=bot0 room=L0 mark=X
2026-04-27 00:34:51.081 [INFO] ROOM RESET room=L0 reason=opponent_left survivor=bot1
2026-04-27 00:34:51.081 [INFO] LEAVE name=bot1 room=L0 mark=O
2026-04-27 00:34:51.081 [INFO] ROOM CLOSED room=L0 reason=empty
2026-04-27 00:34:51.081 [ERROR] tcp handler crashed: [WinError 10053] Программа на вашем хост-компьютере разорвала установленное подключение
Traceback (most recent call last):
  File "C:\Users\User\Desktop\Inno\dnp\project\server.py", line 846, in handle_tcp
    await dispatch(manager, player, msg)
  File "C:\Users\User\Desktop\Inno\dnp\project\server.py", line 935, in dispatch
    await manager.leave(player)
  File "C:\Users\User\Desktop\Inno\dnp\project\server.py", line 710, in leave
    await self._send_lobby_state(player)
  File "C:\Users\User\Desktop\Inno\dnp\project\server.py", line 234, in _send_lobby_state
    await player.send({"type": "rooms", "rooms": self._rooms_snapshot()})
  File "C:\Users\User\Desktop\Inno\dnp\project\server.py", line 819, in send
    await writer.drain()
  File "C:\Users\User\AppData\Local\Programs\Python\Python313\Lib\asyncio\streams.py", line 374, in drain
    raise exc
  File "C:\Users\User\AppData\Local\Programs\Python\Python313\Lib\asyncio\proactor_events.py", line 402, in _loop_writing
    self._write_fut = self._loop._proactor.send(self._sock, data)
                      ~~~~~~~~~~~~~~~~~~~~~~~~~^^^^^^^^^^^^^^^^^^
  File "C:\Users\User\AppData\Local\Programs\Python\Python313\Lib\asyncio\windows_events.py", line 543, in send
    ov.WSASend(conn.fileno(), buf, flags)
    ~~~~~~~~~~^^^^^^^^^^^^^^^^^^^^^^^^^^^
ConnectionAbortedError: [WinError 10053] Программа на вашем хост-компьютере разорвала установленное подключение
2026-04-27 00:34:51.082 [INFO] DISCONNECT name= room=- mark=None
2026-04-27 00:34:51.082 [ERROR] tcp handler crashed: [WinError 10053] Программа на вашем хост-компьютере разорвала установленное подключение
Traceback (most recent call last):
  File "C:\Users\User\Desktop\Inno\dnp\project\server.py", line 838, in handle_tcp
    line = await reader.readline()
           ^^^^^^^^^^^^^^^^^^^^^^^
  File "C:\Users\User\AppData\Local\Programs\Python\Python313\Lib\asyncio\streams.py", line 562, in readline
    line = await self.readuntil(sep)
           ^^^^^^^^^^^^^^^^^^^^^^^^^
  File "C:\Users\User\AppData\Local\Programs\Python\Python313\Lib\asyncio\streams.py", line 613, in readuntil
    raise self._exception
  File "C:\Users\User\Desktop\Inno\dnp\project\server.py", line 819, in send
    await writer.drain()
  File "C:\Users\User\AppData\Local\Programs\Python\Python313\Lib\asyncio\streams.py", line 374, in drain
    raise exc
  File "C:\Users\User\AppData\Local\Programs\Python\Python313\Lib\asyncio\proactor_events.py", line 402, in _loop_writing
    self._write_fut = self._loop._proactor.send(self._sock, data)
                      ~~~~~~~~~~~~~~~~~~~~~~~~~^^^^^^^^^^^^^^^^^^
  File "C:\Users\User\AppData\Local\Programs\Python\Python313\Lib\asyncio\windows_events.py", line 543, in send
    ov.WSASend(conn.fileno(), buf, flags)
    ~~~~~~~~~~^^^^^^^^^^^^^^^^^^^^^^^^^^^
ConnectionAbortedError: [WinError 10053] Программа на вашем хост-компьютере разорвала установленное подключение
2026-04-27 00:34:51.083 [INFO] DISCONNECT name= room=- mark=None
2026-04-27 00:34:51.111 [INFO] ROUND 4 FINISHED room=L1 winner=O line=[[1, 0], [1, 1], [1, 2]]
2026-04-27 00:34:51.111 [INFO] SYNC room=L1 round=4 turn=O move=(1,0) recipients=2 fanout_ms=0.25
2026-04-27 00:34:51.111 [INFO] MOVE room=L1 round=4 by=O cell=(1,0) move_to_broadcast_ms=0.48
2026-04-27 00:34:51.112 [INFO] ROUND 5 STARTED room=L1
2026-04-27 00:34:51.112 [INFO] SYNC room=L1 round=5 turn=X move=- recipients=2 fanout_ms=0.08
2026-04-27 00:34:51.159 [INFO] SYNC room=L1 round=5 turn=O move=(1,2) recipients=2 fanout_ms=0.25
2026-04-27 00:34:51.159 [INFO] MOVE room=L1 round=5 by=X cell=(1,2) move_to_broadcast_ms=0.37
2026-04-27 00:34:51.190 [INFO] SYNC room=L1 round=5 turn=X move=(2,2) recipients=2 fanout_ms=0.23
2026-04-27 00:34:51.190 [INFO] MOVE room=L1 round=5 by=O cell=(2,2) move_to_broadcast_ms=0.31
2026-04-27 00:34:51.236 [INFO] SYNC room=L1 round=5 turn=O move=(0,2) recipients=2 fanout_ms=0.28
2026-04-27 00:34:51.237 [INFO] MOVE room=L1 round=5 by=X cell=(0,2) move_to_broadcast_ms=0.41
2026-04-27 00:34:51.298 [INFO] SYNC room=L1 round=5 turn=X move=(2,1) recipients=2 fanout_ms=0.30
2026-04-27 00:34:51.298 [INFO] MOVE room=L1 round=5 by=O cell=(2,1) move_to_broadcast_ms=0.48
2026-04-27 00:34:51.345 [INFO] SYNC room=L1 round=5 turn=O move=(1,1) recipients=2 fanout_ms=0.18
2026-04-27 00:34:51.345 [INFO] MOVE room=L1 round=5 by=X cell=(1,1) move_to_broadcast_ms=0.30
2026-04-27 00:34:51.392 [INFO] ROUND 5 FINISHED room=L1 winner=O line=[[2, 0], [2, 1], [2, 2]]
2026-04-27 00:34:51.392 [INFO] SYNC room=L1 round=5 turn=O move=(2,0) recipients=2 fanout_ms=0.18
2026-04-27 00:34:51.392 [INFO] MOVE room=L1 round=5 by=O cell=(2,0) move_to_broadcast_ms=0.36
2026-04-27 00:34:51.392 [INFO] LEAVE name=bot2 room=L1 mark=X
2026-04-27 00:34:51.392 [INFO] ROOM RESET room=L1 reason=opponent_left survivor=bot3
2026-04-27 00:34:51.393 [INFO] LEAVE name=bot3 room=L1 mark=O
2026-04-27 00:34:51.393 [INFO] ROOM CLOSED room=L1 reason=empty
2026-04-27 00:34:51.393 [INFO] DISCONNECT name= room=- mark=None
2026-04-27 00:34:51.393 [INFO] DISCONNECT name= room=- mark=None
2026-04-27 00:34:57.362 [INFO] LEAVE name=bot4 room=L2 mark=X
2026-04-27 00:34:57.363 [INFO] ROOM CLOSED room=L2 reason=empty
2026-04-27 00:34:57.363 [ERROR] tcp handler crashed: [WinError 10053] Программа на вашем хост-компьютере разорвала установленное подключение
Traceback (most recent call last):
  File "C:\Users\User\Desktop\Inno\dnp\project\server.py", line 838, in handle_tcp
    line = await reader.readline()
           ^^^^^^^^^^^^^^^^^^^^^^^
  File "C:\Users\User\AppData\Local\Programs\Python\Python313\Lib\asyncio\streams.py", line 562, in readline
    line = await self.readuntil(sep)
           ^^^^^^^^^^^^^^^^^^^^^^^^^
  File "C:\Users\User\AppData\Local\Programs\Python\Python313\Lib\asyncio\streams.py", line 613, in readuntil
    raise self._exception
  File "C:\Users\User\AppData\Local\Programs\Python\Python313\Lib\asyncio\proactor_events.py", line 402, in _loop_writing
    self._write_fut = self._loop._proactor.send(self._sock, data)
                      ~~~~~~~~~~~~~~~~~~~~~~~~~^^^^^^^^^^^^^^^^^^
  File "C:\Users\User\AppData\Local\Programs\Python\Python313\Lib\asyncio\windows_events.py", line 543, in send
    ov.WSASend(conn.fileno(), buf, flags)
    ~~~~~~~~~~^^^^^^^^^^^^^^^^^^^^^^^^^^^
ConnectionAbortedError: [WinError 10053] Программа на вашем хост-компьютере разорвала установленное подключение
2026-04-27 00:34:57.364 [INFO] DISCONNECT name= room=- mark=None
2026-04-27 00:35:06.376 [INFO] CONNECT transport=tcp peer=127.0.0.1:64060 pid=1d4098b9
2026-04-27 00:35:06.376 [INFO] ROOM CREATED room=EXIST password=no reason=create
2026-04-27 00:35:06.376 [INFO] JOIN room=EXIST name=A mark=X transport=tcp peer=127.0.0.1:64060
2026-04-27 00:35:06.376 [INFO] CONNECT transport=tcp peer=127.0.0.1:64061 pid=07e7d8e8
2026-04-27 00:35:06.377 [INFO] DISCONNECT name=A room=EXIST mark=X
2026-04-27 00:35:06.377 [INFO] ROOM CLOSED room=EXIST reason=empty
2026-04-27 00:35:06.377 [INFO] DISCONNECT name=B room=- mark=None
2026-04-27 00:35:06.378 [INFO] CONNECT transport=tcp peer=127.0.0.1:64062 pid=bbdfdbd4
2026-04-27 00:35:06.378 [INFO] DISCONNECT name=Ghost room=- mark=None
2026-04-27 00:35:06.378 [INFO] CONNECT transport=tcp peer=127.0.0.1:64063 pid=071fc222
2026-04-27 00:35:06.378 [INFO] CONNECT transport=tcp peer=127.0.0.1:64064 pid=2ae8b717
2026-04-27 00:35:06.379 [INFO] CONNECT transport=tcp peer=127.0.0.1:64065 pid=6485b8f2
2026-04-27 00:35:06.379 [INFO] ROOM CREATED room=FULL password=no reason=create
2026-04-27 00:35:06.379 [INFO] JOIN room=FULL name=A mark=X transport=tcp peer=127.0.0.1:64063
2026-04-27 00:35:06.379 [INFO] JOIN room=FULL name=B mark=O transport=tcp peer=127.0.0.1:64064
2026-04-27 00:35:06.379 [INFO] ROUND 1 STARTED room=FULL
2026-04-27 00:35:06.379 [INFO] SYNC room=FULL round=1 turn=X move=- recipients=2 fanout_ms=0.09
2026-04-27 00:35:06.379 [INFO] DISCONNECT name=A room=FULL mark=X
2026-04-27 00:35:06.380 [INFO] DISCONNECT name=C room=- mark=None
2026-04-27 00:35:06.380 [INFO] DISCONNECT name=B room=FULL mark=O
2026-04-27 00:35:06.380 [INFO] ROOM CLOSED room=FULL reason=empty
2026-04-27 00:35:06.381 [INFO] CONNECT transport=tcp peer=127.0.0.1:64066 pid=1929c899
2026-04-27 00:35:06.381 [INFO] CONNECT transport=tcp peer=127.0.0.1:64067 pid=de2ced36
2026-04-27 00:35:06.381 [INFO] ROOM CREATED room=VIP password=yes reason=create
2026-04-27 00:35:06.381 [INFO] JOIN room=VIP name=A mark=X transport=tcp peer=127.0.0.1:64066
2026-04-27 00:35:06.381 [INFO] CONNECT transport=tcp peer=127.0.0.1:64068 pid=6942d59b
2026-04-27 00:35:06.382 [INFO] CONNECT transport=tcp peer=127.0.0.1:64069 pid=1d13049a
2026-04-27 00:35:06.382 [INFO] JOIN room=VIP name=D mark=O transport=tcp peer=127.0.0.1:64069
2026-04-27 00:35:06.382 [INFO] ROUND 1 STARTED room=VIP
2026-04-27 00:35:06.382 [INFO] DISCONNECT name=A room=VIP mark=X
2026-04-27 00:35:06.383 [INFO] SYNC room=VIP round=1 turn=X move=- recipients=2 fanout_ms=0.45
2026-04-27 00:35:06.383 [INFO] DISCONNECT name=B room=- mark=None
2026-04-27 00:35:06.383 [INFO] DISCONNECT name=C room=- mark=None
2026-04-27 00:35:06.383 [INFO] CONNECT transport=tcp peer=127.0.0.1:64070 pid=76ab62b9
2026-04-27 00:35:06.383 [INFO] ROOM CREATED room=UOUR password=no reason=auto
2026-04-27 00:35:06.384 [INFO] JOIN room=UOUR name=AutoA mark=X transport=tcp peer=127.0.0.1:64070
2026-04-27 00:35:06.384 [INFO] CONNECT transport=tcp peer=127.0.0.1:64071 pid=65d4f7f5
2026-04-27 00:35:06.384 [INFO] DISCONNECT name=D room=VIP mark=O
2026-04-27 00:35:06.384 [INFO] ROOM CLOSED room=VIP reason=empty
2026-04-27 00:35:06.384 [INFO] JOIN room=UOUR name=AutoB mark=O transport=tcp peer=127.0.0.1:64071
2026-04-27 00:35:06.384 [INFO] ROUND 1 STARTED room=UOUR
2026-04-27 00:35:06.384 [INFO] SYNC room=UOUR round=1 turn=X move=- recipients=2 fanout_ms=0.08
2026-04-27 00:35:06.393 [INFO] DISCONNECT name=AutoA room=UOUR mark=X
2026-04-27 00:35:06.393 [INFO] DISCONNECT name=AutoB room=UOUR mark=O
2026-04-27 00:35:06.393 [INFO] ROOM CLOSED room=UOUR reason=empty
2026-04-27 00:35:06.493 [INFO] CONNECT transport=tcp peer=127.0.0.1:64074 pid=7c8b55fd
2026-04-27 00:35:06.493 [INFO] DISCONNECT name= room=- mark=None
2026-04-27 00:35:06.493 [INFO] CONNECT transport=tcp peer=127.0.0.1:64075 pid=7b6c7376
2026-04-27 00:35:06.494 [INFO] DISCONNECT name= room=- mark=None
2026-04-27 00:35:06.494 [INFO] CONNECT transport=tcp peer=127.0.0.1:64076 pid=2d9605ac
2026-04-27 00:35:06.495 [INFO] CONNECT transport=tcp peer=127.0.0.1:64077 pid=1af489e9
2026-04-27 00:35:06.495 [INFO] ROOM CREATED room=PUSH1 password=yes reason=create
2026-04-27 00:35:06.495 [INFO] JOIN room=PUSH1 name=A mark=X transport=tcp peer=127.0.0.1:64077
2026-04-27 00:35:06.496 [INFO] DISCONNECT name= room=- mark=None
2026-04-27 00:35:06.496 [INFO] DISCONNECT name=A room=PUSH1 mark=X
2026-04-27 00:35:06.496 [INFO] ROOM CLOSED room=PUSH1 reason=empty
2026-04-27 00:35:06.496 [INFO] CONNECT transport=tcp peer=127.0.0.1:64078 pid=ba87e343
2026-04-27 00:35:06.497 [INFO] DISCONNECT name= room=- mark=None
2026-04-27 00:35:06.497 [INFO] CONNECT transport=tcp peer=127.0.0.1:64079 pid=86026da3
2026-04-27 00:35:06.497 [INFO] CONNECT transport=tcp peer=127.0.0.1:64080 pid=6bb25374
2026-04-27 00:35:06.497 [INFO] ROOM CREATED room=CHAT1 password=no reason=create
2026-04-27 00:35:06.497 [INFO] JOIN room=CHAT1 name=Alice mark=X transport=tcp peer=127.0.0.1:64079
2026-04-27 00:35:06.498 [INFO] JOIN room=CHAT1 name=Bob mark=O transport=tcp peer=127.0.0.1:64080
2026-04-27 00:35:06.498 [INFO] ROUND 1 STARTED room=CHAT1
2026-04-27 00:35:06.498 [INFO] SYNC room=CHAT1 round=1 turn=X move=- recipients=2 fanout_ms=0.08
2026-04-27 00:35:06.498 [INFO] CHAT room=CHAT1 nickname=Alice text=hi from inside
2026-04-27 00:35:06.498 [INFO] DISCONNECT name=Alice room=CHAT1 mark=X
2026-04-27 00:35:06.499 [INFO] DISCONNECT name=Bob room=CHAT1 mark=O
2026-04-27 00:35:06.499 [INFO] ROOM CLOSED room=CHAT1 reason=empty
2026-04-27 00:35:06.499 [INFO] CONNECT transport=tcp peer=127.0.0.1:64081 pid=852bcd22
2026-04-27 00:35:06.499 [INFO] ROOM CREATED room=CHAT2 password=no reason=create
2026-04-27 00:35:06.499 [INFO] JOIN room=CHAT2 name=Alice mark=X transport=tcp peer=127.0.0.1:64081
2026-04-27 00:35:06.500 [INFO] CHAT room=CHAT2 nickname=Alice text=earliest
2026-04-27 00:35:06.500 [INFO] CONNECT transport=tcp peer=127.0.0.1:64082 pid=53114d6d
2026-04-27 00:35:06.500 [INFO] JOIN room=CHAT2 name=Bob mark=O transport=tcp peer=127.0.0.1:64082
2026-04-27 00:35:06.500 [INFO] ROUND 1 STARTED room=CHAT2
2026-04-27 00:35:06.500 [INFO] DISCONNECT name=Alice room=CHAT2 mark=X
2026-04-27 00:35:06.501 [INFO] SYNC room=CHAT2 round=1 turn=X move=- recipients=2 fanout_ms=0.36
2026-04-27 00:35:06.501 [INFO] CONNECT transport=tcp peer=127.0.0.1:64083 pid=a5e23f2c
2026-04-27 00:35:06.501 [ERROR] tcp handler crashed: [WinError 10053] Программа на вашем хост-компьютере разорвала установленное подключение
Traceback (most recent call last):
  File "C:\Users\User\Desktop\Inno\dnp\project\server.py", line 838, in handle_tcp
    line = await reader.readline()
           ^^^^^^^^^^^^^^^^^^^^^^^
  File "C:\Users\User\AppData\Local\Programs\Python\Python313\Lib\asyncio\streams.py", line 562, in readline
    line = await self.readuntil(sep)
           ^^^^^^^^^^^^^^^^^^^^^^^^^
  File "C:\Users\User\AppData\Local\Programs\Python\Python313\Lib\asyncio\streams.py", line 613, in readuntil
    raise self._exception
  File "C:\Users\User\AppData\Local\Programs\Python\Python313\Lib\asyncio\proactor_events.py", line 402, in _loop_writing
    self._write_fut = self._loop._proactor.send(self._sock, data)
                      ~~~~~~~~~~~~~~~~~~~~~~~~~^^^^^^^^^^^^^^^^^^
  File "C:\Users\User\AppData\Local\Programs\Python\Python313\Lib\asyncio\windows_events.py", line 543, in send
    ov.WSASend(conn.fileno(), buf, flags)
    ~~~~~~~~~~^^^^^^^^^^^^^^^^^^^^^^^^^^^
ConnectionAbortedError: [WinError 10053] Программа на вашем хост-компьютере разорвала установленное подключение
2026-04-27 00:35:06.502 [INFO] DISCONNECT name=Bob room=CHAT2 mark=O
2026-04-27 00:35:06.502 [INFO] ROOM CLOSED room=CHAT2 reason=empty
2026-04-27 00:35:06.502 [INFO] CONNECT transport=tcp peer=127.0.0.1:64084 pid=4c4c27e3
2026-04-27 00:35:06.502 [INFO] CONNECT transport=tcp peer=127.0.0.1:64085 pid=e594d618
2026-04-27 00:35:06.502 [INFO] ROOM CREATED room=STAYS password=no reason=create
2026-04-27 00:35:06.502 [INFO] JOIN room=STAYS name=Alice mark=X transport=tcp peer=127.0.0.1:64083
2026-04-27 00:35:06.503 [INFO] JOIN room=STAYS name=Bob mark=O transport=tcp peer=127.0.0.1:64084
2026-04-27 00:35:06.503 [INFO] ROUND 1 STARTED room=STAYS
2026-04-27 00:35:06.503 [INFO] LEAVE name=Alice room=STAYS mark=X
2026-04-27 00:35:06.504 [INFO] ROOM RESET room=STAYS reason=opponent_left survivor=Bob
2026-04-27 00:35:06.504 [INFO] DISCONNECT name= room=- mark=None
2026-04-27 00:35:06.504 [INFO] SYNC room=STAYS round=1 turn=X move=- recipients=1 fanout_ms=0.36
2026-04-27 00:35:06.504 [INFO] DISCONNECT name= room=- mark=None
2026-04-27 00:35:06.505 [INFO] DISCONNECT name=Bob room=STAYS mark=O
2026-04-27 00:35:06.505 [INFO] ROOM CLOSED room=STAYS reason=empty
2026-04-27 00:35:06.601 [INFO] CONNECT transport=tcp peer=127.0.0.1:64088 pid=bf3c1631
2026-04-27 00:35:06.601 [INFO] CONNECT transport=tcp peer=127.0.0.1:64089 pid=061ca476
2026-04-27 00:35:06.602 [INFO] ROOM CREATED room=DC password=no reason=create
2026-04-27 00:35:06.602 [INFO] JOIN room=DC name=Alice mark=X transport=tcp peer=127.0.0.1:64088
2026-04-27 00:35:06.602 [INFO] JOIN room=DC name=Bob mark=O transport=tcp peer=127.0.0.1:64089
2026-04-27 00:35:06.602 [INFO] ROUND 1 STARTED room=DC
2026-04-27 00:35:06.603 [INFO] SYNC room=DC round=1 turn=X move=- recipients=2 fanout_ms=0.08
2026-04-27 00:35:06.603 [INFO] SYNC room=DC round=1 turn=O move=(0,0) recipients=2 fanout_ms=0.09
2026-04-27 00:35:06.603 [INFO] MOVE room=DC round=1 by=X cell=(0,0) move_to_broadcast_ms=0.14
2026-04-27 00:35:06.603 [INFO] SYNC room=DC round=1 turn=X move=(1,1) recipients=2 fanout_ms=0.09
2026-04-27 00:35:06.603 [INFO] MOVE room=DC round=1 by=O cell=(1,1) move_to_broadcast_ms=0.14
2026-04-27 00:35:06.603 [INFO] DISCONNECT name=Alice room=DC mark=X
2026-04-27 00:35:21.607 [INFO] ROOM RESET room=DC reason=grace_expired survivor=Bob
2026-04-27 00:35:21.608 [INFO] CONNECT transport=tcp peer=127.0.0.1:64101 pid=53726333
2026-04-27 00:35:21.608 [INFO] DISCONNECT name=Bob room=DC mark=O
2026-04-27 00:35:21.608 [INFO] ROOM CLOSED room=DC reason=empty
2026-04-27 00:35:21.609 [INFO] DISCONNECT name= room=- mark=None
2026-04-27 00:35:21.705 [INFO] CONNECT transport=tcp peer=127.0.0.1:64104 pid=ab5134d2
2026-04-27 00:35:21.706 [INFO] CONNECT transport=tcp peer=127.0.0.1:64105 pid=9161b915
2026-04-27 00:35:21.706 [INFO] ROOM CREATED room=RC password=no reason=create
2026-04-27 00:35:21.706 [INFO] JOIN room=RC name=Alice mark=X transport=tcp peer=127.0.0.1:64104
2026-04-27 00:35:21.706 [INFO] JOIN room=RC name=Bob mark=O transport=tcp peer=127.0.0.1:64105
2026-04-27 00:35:21.706 [INFO] ROUND 1 STARTED room=RC
2026-04-27 00:35:21.707 [INFO] SYNC room=RC round=1 turn=X move=- recipients=2 fanout_ms=0.34
2026-04-27 00:35:21.707 [INFO] SYNC room=RC round=1 turn=O move=(1,1) recipients=2 fanout_ms=0.12
2026-04-27 00:35:21.707 [INFO] MOVE room=RC round=1 by=X cell=(1,1) move_to_broadcast_ms=0.18
2026-04-27 00:35:21.707 [INFO] DISCONNECT name=Alice room=RC mark=X
2026-04-27 00:35:21.708 [INFO] CONNECT transport=tcp peer=127.0.0.1:64106 pid=cd4270a8
2026-04-27 00:35:21.708 [INFO] RECONNECT room=RC name=Alice mark=X
2026-04-27 00:35:21.709 [INFO] SYNC room=RC round=1 turn=O move=- recipients=2 fanout_ms=0.11
2026-04-27 00:35:21.709 [INFO] DISCONNECT name=Alice room=RC mark=X
2026-04-27 00:35:21.709 [INFO] DISCONNECT name=Bob room=RC mark=O
2026-04-27 00:35:21.709 [INFO] ROOM CLOSED room=RC reason=empty
2026-04-27 00:43:04.169 [INFO] TCP listening on 0.0.0.0:5555
2026-04-27 00:43:04.178 [INFO] server listening on 0.0.0.0:8765
2026-04-27 00:43:04.178 [INFO] WS  listening on 0.0.0.0:8765
2026-04-27 00:43:04.529 [INFO] connection open
2026-04-27 00:43:04.529 [INFO] CONNECT transport=ws peer=127.0.0.1:53788 pid=52b26ff3
2026-04-27 00:43:04.544 [INFO] connection open
2026-04-27 00:43:04.545 [INFO] CONNECT transport=ws peer=127.0.0.1:55512 pid=c8ded734
2026-04-27 00:43:06.929 [INFO] DISCONNECT name= room=- mark=None
2026-04-27 00:43:07.277 [INFO] connection open
2026-04-27 00:43:07.277 [INFO] CONNECT transport=ws peer=127.0.0.1:53468 pid=3a20425a
2026-04-27 00:43:07.650 [INFO] connection open
2026-04-27 00:43:07.651 [INFO] CONNECT transport=ws peer=127.0.0.1:62594 pid=3abcb7bf
2026-04-27 00:43:22.169 [INFO] ROOM CREATED room=BCA password=yes reason=create
2026-04-27 00:43:22.169 [INFO] JOIN room=BCA name=xz mark=X transport=ws peer=127.0.0.1:53468
2026-04-27 00:43:28.522 [INFO] DISCONNECT name= room=- mark=None
2026-04-27 00:43:28.910 [INFO] connection open
2026-04-27 00:43:28.911 [INFO] CONNECT transport=ws peer=127.0.0.1:55770 pid=71983f6e
2026-04-27 00:43:33.293 [INFO] JOIN room=BCA name=xz mark=O transport=ws peer=127.0.0.1:55770
2026-04-27 00:43:33.294 [INFO] ROUND 1 STARTED room=BCA
2026-04-27 00:43:33.294 [INFO] SYNC room=BCA round=1 turn=X move=- recipients=2 fanout_ms=0.15
2026-04-27 00:43:35.681 [INFO] LEAVE name=xz room=BCA mark=O
2026-04-27 00:43:35.681 [INFO] ROOM RESET room=BCA reason=opponent_left survivor=xz
2026-04-27 00:43:42.007 [INFO] JOIN room=BCA name=xz mark=O transport=ws peer=127.0.0.1:55770
2026-04-27 00:43:42.007 [INFO] ROUND 1 STARTED room=BCA
2026-04-27 00:43:42.008 [INFO] SYNC room=BCA round=1 turn=X move=- recipients=2 fanout_ms=0.18
2026-04-27 00:43:43.948 [INFO] SYNC room=BCA round=1 turn=O move=(0,2) recipients=2 fanout_ms=0.29
2026-04-27 00:43:43.948 [INFO] MOVE room=BCA round=1 by=X cell=(0,2) move_to_broadcast_ms=0.63
2026-04-27 00:43:45.297 [INFO] LEAVE name=xz room=BCA mark=O
2026-04-27 00:43:45.297 [INFO] ROOM RESET room=BCA reason=opponent_left survivor=xz
2026-04-27 00:44:02.797 [INFO] DISCONNECT name= room=- mark=None
2026-04-27 00:44:48.323 [INFO] server closing
2026-04-27 00:44:48.324 [INFO] DISCONNECT name=xz room=BCA mark=X
2026-04-27 00:44:48.324 [INFO] ROOM CLOSED room=BCA reason=empty
2026-04-27 00:44:48.324 [INFO] DISCONNECT name= room=- mark=None
2026-04-27 00:44:48.324 [INFO] server closed
2026-04-27 00:44:48.325 [INFO] shutting down (Ctrl+C)
